01,V,
02,V,
03,GPIO02,I2C
04,V,,
05,GPIO03,I2C
06,Gnd,
07,GPIO04,GPIO_GCLK
08,GPIO14,TXD0
09,Gnd,
10,GPIO15,RXD0
11,GPIO17,GPIO_GEN0
12,GPIO18,GPIO_GEN1
13,GPIO27,GPIO_GEN2
14,Gnd,
15,GPIO22,GPIO_GEN3
16,GPIO23,GPIO_GEN4
17,V,,
18,GPIO24,GPIO_GEN5
19,GPIO10,SPI_MOSI
20,Gnd,
21,GPIO10,SPI_MISO
22,GPIO25,GPIO_GEN6
23,GPIO11,SPI_CLK
24,GPIO08,SPI_CE0_N
25,Gnd,
26,GPIO07,SPI_CE1_N
27,ID_SD,
28,ID_SC,
29,GPIO05,
30,Gnd,
31,GPIO06,
32,GPIO12,
33,GPIO13,
34,Gnd,
35,GPIO19,
36,GPIO16,
37,GPIO26,
38,GPIO20,
39,Gnd,
40,GPIO21,